[12:19:45] [CanaryMod] [INFO]: Starting: CanaryMod 1.7.10-1.1.2
[12:19:45] [CanaryMod] [INFO]: Canary Path: /C:/Users/biancan1/projects/Minecraft-Hackathon/lib/CanaryMod-1.7.10-1.1.2.jar & Working From: C:\Users\biancan1\projects\Minecraft-Hackathon
[12:19:45] [CanaryMod] [INFO]: Registered xml Database
[12:19:45] [CanaryMod] [INFO]: Found 0 plugins; total: 0
[12:19:46] [net.minecraft.server.dedicated.DedicatedServer] [INFO]: Starting minecraft server version 1.7.10
[12:19:46] [net.minecraft.server.dedicated.DedicatedServer] [INFO]: Loading properties
[12:19:46] [net.minecraft.server.dedicated.DedicatedServer] [INFO]: Generating keypair
[12:19:46] [net.minecraft.server.dedicated.DedicatedServer] [INFO]: Starting Minecraft server on *:25565
[12:19:46] [CanaryMod] [INFO]: Could not find the world configuration for default_NORMAL at config\worlds\default, creating default.
[12:19:46] [CanaryMod] [INFO]: Enabling Plugins...
[12:19:49] [net.minecraft.server.MinecraftServer] [INFO]: Preparing start region for level default
[12:19:50] [net.minecraft.server.MinecraftServer] [INFO]: Preparing spawn area: 6%
[12:19:51] [net.minecraft.server.MinecraftServer] [INFO]: Preparing spawn area: 10%
[12:19:52] [net.minecraft.server.MinecraftServer] [INFO]: Preparing spawn area: 15%
[12:19:53] [net.minecraft.server.MinecraftServer] [INFO]: Preparing spawn area: 25%
[12:19:54] [net.minecraft.server.MinecraftServer] [INFO]: Preparing spawn area: 40%
[12:19:55] [net.minecraft.server.MinecraftServer] [INFO]: Preparing spawn area: 51%
[12:19:56] [net.minecraft.server.MinecraftServer] [INFO]: Preparing spawn area: 67%
[12:19:57] [net.minecraft.server.MinecraftServer] [INFO]: Preparing spawn area: 82%
[12:19:58] [net.minecraft.server.MinecraftServer] [INFO]: Preparing spawn area: 97%
[12:19:59] [net.minecraft.server.dedicated.DedicatedServer] [INFO]: Done (12,430s)! For help, type "help" or "?"
[12:20:18] [CanaryMod] [INFO] [NOTICE]: Console issued a manual shutdown
[12:20:18] [net.minecraft.server.MinecraftServer] [INFO]: Stopping server
[12:20:18] [net.minecraft.server.MinecraftServer] [INFO]: Saving players
[12:20:18] [net.minecraft.server.MinecraftServer] [INFO]: Saving worlds
[12:20:18] [net.minecraft.server.MinecraftServer] [INFO]: Saving chunks for level 'default'/Overworld
[12:20:19] [CanaryMod] [INFO]: Disabling Plugins ...
